

Started GET "/" for 127.0.0.1 at 2015-10-18 09:22:20 -0500

ActiveRecord::PendingMigrationError (

Migrations are pending. To resolve this issue, run:

	bin/rake db:migrate RAILS_ENV=development

):
  activerecord (4.2.4) lib/active_record/migration.rb:392:in `check_pending!'
  activerecord (4.2.4) lib/active_record/migration.rb:373:in `call'
  actionpack (4.2.4) lib/action_dispatch/middleware/callbacks.rb:29:in `block in call'
  activesupport (4.2.4) lib/active_support/callbacks.rb:88:in `__run_callbacks__'
  activesupport (4.2.4) lib/active_support/callbacks.rb:778:in `_run_call_callbacks'
  activesupport (4.2.4) lib/active_support/callbacks.rb:81:in `run_callbacks'
  actionpack (4.2.4) lib/action_dispatch/middleware/callbacks.rb:27:in `call'
  actionpack (4.2.4) lib/action_dispatch/middleware/reloader.rb:73:in `call'
  actionpack (4.2.4) lib/action_dispatch/middleware/remote_ip.rb:78:in `call'
  actionpack (4.2.4) lib/action_dispatch/middleware/debug_exceptions.rb:17:in `call'
  web-console (2.2.1) lib/web_console/middleware.rb:39:in `call'
  actionpack (4.2.4) lib/action_dispatch/middleware/show_exceptions.rb:30:in `call'
  railties (4.2.4) lib/rails/rack/logger.rb:38:in `call_app'
  railties (4.2.4) lib/rails/rack/logger.rb:20:in `block in call'
  activesupport (4.2.4) lib/active_support/tagged_logging.rb:68:in `block in tagged'
  activesupport (4.2.4) lib/active_support/tagged_logging.rb:26:in `tagged'
  activesupport (4.2.4) lib/active_support/tagged_logging.rb:68:in `tagged'
  railties (4.2.4) lib/rails/rack/logger.rb:20:in `call'
  actionpack (4.2.4) lib/action_dispatch/middleware/request_id.rb:21:in `call'
  rack (1.6.4) lib/rack/methodoverride.rb:22:in `call'
  rack (1.6.4) lib/rack/runtime.rb:18:in `call'
  activesupport (4.2.4) lib/active_support/cache/strategy/local_cache_middleware.rb:28:in `call'
  rack (1.6.4) lib/rack/lock.rb:17:in `call'
  actionpack (4.2.4) lib/action_dispatch/middleware/static.rb:116:in `call'
  rack (1.6.4) lib/rack/sendfile.rb:113:in `call'
  railties (4.2.4) lib/rails/engine.rb:518:in `call'
  railties (4.2.4) lib/rails/application.rb:165:in `call'
  rack (1.6.4) lib/rack/lock.rb:17:in `call'
  rack (1.6.4) lib/rack/content_length.rb:15:in `call'
  rack (1.6.4) lib/rack/handler/webrick.rb:88:in `service'
  /home/kevm254/.rvm/rubies/ruby-2.2.3/lib/ruby/2.2.0/webrick/httpserver.rb:138:in `service'
  /home/kevm254/.rvm/rubies/ruby-2.2.3/lib/ruby/2.2.0/webrick/httpserver.rb:94:in `run'
  /home/kevm254/.rvm/rubies/ruby-2.2.3/lib/ruby/2.2.0/webrick/server.rb:294:in `block in start_thread'


  Rendered /home/kevm254/.rvm/gems/ruby-2.2.3/gems/actionpack-4.2.4/lib/action_dispatch/middleware/templates/rescues/_source.erb (4.1ms)
  Rendered /home/kevm254/.rvm/gems/ruby-2.2.3/gems/actionpack-4.2.4/lib/action_dispatch/middleware/templates/rescues/_trace.html.erb (3.6ms)
  Rendered /home/kevm254/.rvm/gems/ruby-2.2.3/gems/actionpack-4.2.4/lib/action_dispatch/middleware/templates/rescues/_request_and_response.html.erb (1.4ms)
  Rendered /home/kevm254/.rvm/gems/ruby-2.2.3/gems/actionpack-4.2.4/lib/action_dispatch/middleware/templates/rescues/diagnostics.html.erb within rescues/layout (26.8ms)
  Rendered /home/kevm254/.rvm/gems/ruby-2.2.3/gems/web-console-2.2.1/lib/web_console/templates/_markup.html.erb (0.5ms)
  Rendered /home/kevm254/.rvm/gems/ruby-2.2.3/gems/web-console-2.2.1/lib/web_console/templates/_inner_console_markup.html.erb within layouts/inlined_string (1.0ms)
  Rendered /home/kevm254/.rvm/gems/ruby-2.2.3/gems/web-console-2.2.1/lib/web_console/templates/_prompt_box_markup.html.erb within layouts/inlined_string (0.4ms)
  Rendered /home/kevm254/.rvm/gems/ruby-2.2.3/gems/web-console-2.2.1/lib/web_console/templates/style.css.erb within layouts/inlined_string (0.4ms)
  Rendered /home/kevm254/.rvm/gems/ruby-2.2.3/gems/web-console-2.2.1/lib/web_console/templates/console.js.erb within layouts/javascript (23.6ms)
  Rendered /home/kevm254/.rvm/gems/ruby-2.2.3/gems/web-console-2.2.1/lib/web_console/templates/main.js.erb within layouts/javascript (0.3ms)
  Rendered /home/kevm254/.rvm/gems/ruby-2.2.3/gems/web-console-2.2.1/lib/web_console/templates/error_page.js.erb within layouts/javascript (1.0ms)
  Rendered /home/kevm254/.rvm/gems/ruby-2.2.3/gems/web-console-2.2.1/lib/web_console/templates/index.html.erb (51.5ms)
  [1m[36m (2.5ms)[0m  [1mCREATE TABLE "schema_migrations" ("version" varchar NOT NULL) [0m
  [1m[35m (0.1ms)[0m  select sqlite_version(*)
  [1m[36m (1.6ms)[0m  [1mCREATE UNIQUE INDEX "unique_schema_migrations" ON "schema_migrations" ("version")[0m
  [1m[35mActiveRecord::SchemaMigration Load (0.1ms)[0m  SELECT "schema_migrations".* FROM "schema_migrations"
Migrating to CreateProjects (20151003020038)
  [1m[36m (0.1ms)[0m  [1mbegin transaction[0m
  [1m[35m (0.3ms)[0m  CREATE TABLE "projects" ("id" INTEGER PRIMARY KEY AUTOINCREMENT NOT NULL, "name" varchar, "description" varchar, "created_at" datetime NOT NULL, "updated_at" datetime NOT NULL) 
  [1m[36mSQL (0.2ms)[0m  [1mINSERT INTO "schema_migrations" ("version") VALUES (?)[0m  [["version", "20151003020038"]]
  [1m[35m (2.4ms)[0m  commit transaction
Migrating to CreateTickets (20151006022356)
  [1m[36m (0.0ms)[0m  [1mbegin transaction[0m
  [1m[35m (0.2ms)[0m  CREATE TABLE "tickets" ("id" INTEGER PRIMARY KEY AUTOINCREMENT NOT NULL, "name" varchar, "description" text, "project_id" integer, "created_at" datetime NOT NULL, "updated_at" datetime NOT NULL) 
  [1m[36m (0.1ms)[0m  [1mCREATE  INDEX "index_tickets_on_project_id" ON "tickets" ("project_id")[0m
  [1m[35mSQL (0.1ms)[0m  INSERT INTO "schema_migrations" ("version") VALUES (?)  [["version", "20151006022356"]]
  [1m[36m (2.5ms)[0m  [1mcommit transaction[0m
Migrating to DeviseCreateUsers (20151006200606)
  [1m[35m (0.1ms)[0m  begin transaction
DEPRECATION WARNING: `#timestamps` was called without specifying an option for `null`. In Rails 5, this behavior will change to `null: false`. You should manually specify `null: true` to prevent the behavior of your existing migrations from changing. (called from block in change at /home/kevm254/Desktop/ticketee/ticketee/db/migrate/20151006200606_devise_create_users.rb:34)
  [1m[36m (0.6ms)[0m  [1mCREATE TABLE "users" ("id" INTEGER PRIMARY KEY AUTOINCREMENT NOT NULL, "email" varchar DEFAULT '' NOT NULL, "encrypted_password" varchar DEFAULT '' NOT NULL, "reset_password_token" varchar, "reset_password_sent_at" datetime, "remember_created_at" datetime, "sign_in_count" integer DEFAULT 0 NOT NULL, "current_sign_in_at" datetime, "last_sign_in_at" datetime, "current_sign_in_ip" varchar, "last_sign_in_ip" varchar, "created_at" datetime, "updated_at" datetime) [0m
  [1m[35m (0.2ms)[0m  CREATE UNIQUE INDEX "index_users_on_email" ON "users" ("email")
  [1m[36m (0.1ms)[0m  [1m            SELECT sql
            FROM sqlite_master
            WHERE name='index_users_on_email' AND type='index'
            UNION ALL
            SELECT sql
            FROM sqlite_temp_master
            WHERE name='index_users_on_email' AND type='index'
[0m
  [1m[35m (0.1ms)[0m  CREATE UNIQUE INDEX "index_users_on_reset_password_token" ON "users" ("reset_password_token")
  [1m[36mSQL (0.1ms)[0m  [1mINSERT INTO "schema_migrations" ("version") VALUES (?)[0m  [["version", "20151006200606"]]
  [1m[35m (2.2ms)[0m  commit transaction
Migrating to AddAuthorToTickets (20151007065040)
  [1m[36m (0.1ms)[0m  [1mbegin transaction[0m
  [1m[35m (0.3ms)[0m  ALTER TABLE "tickets" ADD "author_id" integer
  [1m[36m (0.1ms)[0m  [1m            SELECT sql
            FROM sqlite_master
            WHERE name='index_tickets_on_project_id' AND type='index'
            UNION ALL
            SELECT sql
            FROM sqlite_temp_master
            WHERE name='index_tickets_on_project_id' AND type='index'
[0m
  [1m[35m (0.1ms)[0m  CREATE  INDEX "index_tickets_on_author_id" ON "tickets" ("author_id")
  [1m[36mSQL (0.1ms)[0m  [1mINSERT INTO "schema_migrations" ("version") VALUES (?)[0m  [["version", "20151007065040"]]
  [1m[35m (2.6ms)[0m  commit transaction
Migrating to AddAdminToUsers (20151007102103)
  [1m[36m (0.0ms)[0m  [1mbegin transaction[0m
  [1m[35m (0.4ms)[0m  ALTER TABLE "users" ADD "admin" boolean DEFAULT 'f'
  [1m[36mSQL (0.1ms)[0m  [1mINSERT INTO "schema_migrations" ("version") VALUES (?)[0m  [["version", "20151007102103"]]
  [1m[35m (1.6ms)[0m  commit transaction
Migrating to AddArchivedAtToUsers (20151008132318)
  [1m[36m (0.0ms)[0m  [1mbegin transaction[0m
  [1m[35m (0.3ms)[0m  ALTER TABLE "users" ADD "archived_at" datetime
  [1m[36mSQL (0.1ms)[0m  [1mINSERT INTO "schema_migrations" ("version") VALUES (?)[0m  [["version", "20151008132318"]]
  [1m[35m (2.5ms)[0m  commit transaction
Migrating to CreateRoles (20151009040925)
  [1m[36m (0.1ms)[0m  [1mbegin transaction[0m
  [1m[35m (0.3ms)[0m  CREATE TABLE "roles" ("id" INTEGER PRIMARY KEY AUTOINCREMENT NOT NULL, "user_id" integer, "role" varchar, "project_id" integer, "created_at" datetime NOT NULL, "updated_at" datetime NOT NULL) 
  [1m[36m (0.1ms)[0m  [1mCREATE  INDEX "index_roles_on_user_id" ON "roles" ("user_id")[0m
  [1m[35m (0.1ms)[0m              SELECT sql
            FROM sqlite_master
            WHERE name='index_roles_on_user_id' AND type='index'
            UNION ALL
            SELECT sql
            FROM sqlite_temp_master
            WHERE name='index_roles_on_user_id' AND type='index'

  [1m[36m (0.1ms)[0m  [1mCREATE  INDEX "index_roles_on_project_id" ON "roles" ("project_id")[0m
  [1m[35mSQL (0.2ms)[0m  INSERT INTO "schema_migrations" ("version") VALUES (?)  [["version", "20151009040925"]]
  [1m[36m (2.0ms)[0m  [1mcommit transaction[0m
  [1m[35mActiveRecord::SchemaMigration Load (0.1ms)[0m  SELECT "schema_migrations".* FROM "schema_migrations"
  [1m[36m (0.1ms)[0m  [1m            SELECT sql
            FROM sqlite_master
            WHERE name='index_roles_on_project_id' AND type='index'
            UNION ALL
            SELECT sql
            FROM sqlite_temp_master
            WHERE name='index_roles_on_project_id' AND type='index'
[0m
  [1m[35m (0.1ms)[0m              SELECT sql
            FROM sqlite_master
            WHERE name='index_roles_on_user_id' AND type='index'
            UNION ALL
            SELECT sql
            FROM sqlite_temp_master
            WHERE name='index_roles_on_user_id' AND type='index'

  [1m[36m (0.1ms)[0m  [1m            SELECT sql
            FROM sqlite_master
            WHERE name='index_tickets_on_author_id' AND type='index'
            UNION ALL
            SELECT sql
            FROM sqlite_temp_master
            WHERE name='index_tickets_on_author_id' AND type='index'
[0m
  [1m[35m (0.1ms)[0m              SELECT sql
            FROM sqlite_master
            WHERE name='index_tickets_on_project_id' AND type='index'
            UNION ALL
            SELECT sql
            FROM sqlite_temp_master
            WHERE name='index_tickets_on_project_id' AND type='index'

  [1m[36m (0.1ms)[0m  [1m            SELECT sql
            FROM sqlite_master
            WHERE name='index_users_on_reset_password_token' AND type='index'
            UNION ALL
            SELECT sql
            FROM sqlite_temp_master
            WHERE name='index_users_on_reset_password_token' AND type='index'
[0m
  [1m[35m (0.1ms)[0m              SELECT sql
            FROM sqlite_master
            WHERE name='index_users_on_email' AND type='index'
            UNION ALL
            SELECT sql
            FROM sqlite_temp_master
            WHERE name='index_users_on_email' AND type='index'



Started GET "/" for 127.0.0.1 at 2015-10-18 09:22:40 -0500
  [1m[36mActiveRecord::SchemaMigration Load (0.1ms)[0m  [1mSELECT "schema_migrations".* FROM "schema_migrations"[0m
Processing by ProjectsController#index as HTML
  Rendered projects/index.html.erb within layouts/application (0.6ms)
  Rendered layouts/_navbar.html.erb (1.5ms)
Completed 200 OK in 12869ms (Views: 12845.2ms | ActiveRecord: 0.0ms)


Started GET "/assets/admin/application.self-ad7f1fa47e252fc043f5f8ad689b3c15098d92495efa39e1069a835bb9732f14.css?body=1" for 127.0.0.1 at 2015-10-18 09:22:53 -0500


Started GET "/assets/projects.self-8861831ca385329a54a7ced082fc666463a005de2699ff3393f96af665243811.css?body=1" for 127.0.0.1 at 2015-10-18 09:22:53 -0500


Started GET "/assets/responsive.self-79a1d0d5f6a29df84831e866f1a15bf081ded1c29a990d8438ae1f26f99f6f5b.css?body=1" for 127.0.0.1 at 2015-10-18 09:22:53 -0500


Started GET "/assets/tickets.self-5d02ac2318a8648d2079511e2db6dd1fca71758cce6877b0ce7eb6b11ccb1f44.css?body=1" for 127.0.0.1 at 2015-10-18 09:22:53 -0500


Started GET "/assets/application.self-3822f4055a0b97e74f899c956d57af21d8914a3c34b40e07bbcf0745db9e1a71.css?body=1" for 127.0.0.1 at 2015-10-18 09:22:53 -0500


Started GET "/assets/admin/projects.self-e3b0c44298fc1c149afbf4c8996fb92427ae41e4649b934ca495991b7852b855.css?body=1" for 127.0.0.1 at 2015-10-18 09:22:53 -0500


Started GET "/assets/admin/users.self-e3b0c44298fc1c149afbf4c8996fb92427ae41e4649b934ca495991b7852b855.css?body=1" for 127.0.0.1 at 2015-10-18 09:22:53 -0500


Started GET "/assets/jquery.self-a714331225dda820228db323939889f149aec0127aeb06255646b616ba1ca419.js?body=1" for 127.0.0.1 at 2015-10-18 09:22:53 -0500


Started GET "/assets/turbolinks.self-c37727e9bd6b2735da5c311aa83fead54ed0be6cc8bd9a65309e9c5abe2cbfff.js?body=1" for 127.0.0.1 at 2015-10-18 09:22:53 -0500


Started GET "/assets/jquery_ujs.self-d456baa54c1fa6be2ec3711f0a72ddf7a5b2f34a6b4f515f33767d6207b7d4b3.js?body=1" for 127.0.0.1 at 2015-10-18 09:22:53 -0500


Started GET "/assets/bootstrap/button.self-d19f3e2bcd3a7a4d75c11b9141b3fabd2c11987da1e99c85548ec3ecf8db30c3.js?body=1" for 127.0.0.1 at 2015-10-18 09:22:53 -0500


Started GET "/assets/bootstrap/carousel.self-b2e5e14483e6c31343a83861b7d487620f143d6fc2d07d5ae7544b6b225ba6be.js?body=1" for 127.0.0.1 at 2015-10-18 09:22:53 -0500


Started GET "/assets/bootstrap/affix.self-f7aef9d98ee5ece34a6a92a6a15bba777d93e8d908b75c95a85088277f394200.js?body=1" for 127.0.0.1 at 2015-10-18 09:22:53 -0500


Started GET "/assets/bootstrap/alert.self-896ab026e6823f5cef2441e07dac53d0692a5b772ac58b1ce20aa624c342d3f4.js?body=1" for 127.0.0.1 at 2015-10-18 09:22:53 -0500


Started GET "/assets/bootstrap/collapse.self-93820e9b486e375a7fb4477602def3a6f8381fa6d50938d5378297ffbe4a1248.js?body=1" for 127.0.0.1 at 2015-10-18 09:22:53 -0500


Started GET "/assets/bootstrap/tab.self-9b77df34cbbb08ec93a806d6cdb741f04e3dbf3389978a0679146f2d2987bc89.js?body=1" for 127.0.0.1 at 2015-10-18 09:22:53 -0500


Started GET "/assets/bootstrap/dropdown.self-30536ae4d54b2685c26b5787ed0eb549a9075717fe690cce6270873bedf2df00.js?body=1" for 127.0.0.1 at 2015-10-18 09:22:53 -0500


Started GET "/assets/bootstrap/transition.self-9616c4e856b57659b67da3c6f2adcd584b5601ef4bebcdadab8ebb387d80bb25.js?body=1" for 127.0.0.1 at 2015-10-18 09:22:53 -0500


Started GET "/assets/bootstrap/scrollspy.self-c5c6ed008955656d345067e9821d79f1216b8383134d08465d4aa1a33a2b93b4.js?body=1" for 127.0.0.1 at 2015-10-18 09:22:53 -0500


Started GET "/assets/bootstrap/modal.self-bcfe54f3132bf16a8c5ce4289e47eba488f6522a08f49f378a037061c6c7aa4c.js?body=1" for 127.0.0.1 at 2015-10-18 09:22:53 -0500


Started GET "/assets/bootstrap/popover.self-b73e9c9111d01148e24bbc46e096782e024dc5db630e7078cf11ed2587ef8551.js?body=1" for 127.0.0.1 at 2015-10-18 09:22:53 -0500


Started GET "/assets/admin/application.self-877aef30ae1b040ab8a3aba4e3e309a11d7f2612f44dde450b5c157aa5f95c05.js?body=1" for 127.0.0.1 at 2015-10-18 09:22:53 -0500


Started GET "/assets/admin/projects.self-877aef30ae1b040ab8a3aba4e3e309a11d7f2612f44dde450b5c157aa5f95c05.js?body=1" for 127.0.0.1 at 2015-10-18 09:22:53 -0500


Started GET "/assets/admin/users.self-877aef30ae1b040ab8a3aba4e3e309a11d7f2612f44dde450b5c157aa5f95c05.js?body=1" for 127.0.0.1 at 2015-10-18 09:22:53 -0500


Started GET "/assets/projects.self-877aef30ae1b040ab8a3aba4e3e309a11d7f2612f44dde450b5c157aa5f95c05.js?body=1" for 127.0.0.1 at 2015-10-18 09:22:53 -0500


Started GET "/assets/tickets.self-877aef30ae1b040ab8a3aba4e3e309a11d7f2612f44dde450b5c157aa5f95c05.js?body=1" for 127.0.0.1 at 2015-10-18 09:22:53 -0500


Started GET "/assets/bootstrap-sprockets.self-fbfa5ad7d9aa0afe439ec4ff3883acc4cb92b62cb67c40d674320c9aa1d4642d.js?body=1" for 127.0.0.1 at 2015-10-18 09:22:53 -0500


Started GET "/assets/bootstrap/tooltip.self-3aa41fbe871573b34e0ebddf31598cd5a11a9841ca85f90934ea46326e46626d.js?body=1" for 127.0.0.1 at 2015-10-18 09:22:53 -0500


Started GET "/assets/application.self-f8806224e027f3e3f0138ea9ce99319e298dfdb323304d1f1be6eae8e8c74724.js?body=1" for 127.0.0.1 at 2015-10-18 09:22:53 -0500


Started GET "/users/sign_in" for 127.0.0.1 at 2015-10-18 09:23:02 -0500
Processing by Devise::SessionsController#new as HTML
  Rendered devise/shared/_links.html.erb (1.7ms)
  Rendered devise/sessions/new.html.erb within layouts/application (153.0ms)
  Rendered layouts/_navbar.html.erb (1.0ms)
Completed 200 OK in 379ms (Views: 366.7ms | ActiveRecord: 0.5ms)


Started POST "/users/sign_in" for 127.0.0.1 at 2015-10-18 09:23:30 -0500
Processing by Devise::SessionsController#create as HTML
  Parameters: {"utf8"=>"✓", "authenticity_token"=>"SmBU8wRAh9p77H3x+/yDe0iHXFUpHkELXnQhk+fUsQVpVJFKzmSHTJQa8RZUanMvcc5uDuUz/qsrF2PJ26saiA==", "user"=>{"email"=>"admin@ticketee.com", "password"=>"[FILTERED]", "remember_me"=>"1"}, "commit"=>"Sign in"}
  [1m[35mUser Load (0.6ms)[0m  SELECT  "users".* FROM "users" WHERE "users"."email" = ?  ORDER BY "users"."id" ASC LIMIT 1  [["email", "admin@ticketee.com"]]
Completed 401 Unauthorized in 12ms (ActiveRecord: 0.6ms)
Processing by Devise::SessionsController#new as HTML
  Parameters: {"utf8"=>"✓", "authenticity_token"=>"SmBU8wRAh9p77H3x+/yDe0iHXFUpHkELXnQhk+fUsQVpVJFKzmSHTJQa8RZUanMvcc5uDuUz/qsrF2PJ26saiA==", "user"=>{"email"=>"admin@ticketee.com", "password"=>"[FILTERED]", "remember_me"=>"1"}, "commit"=>"Sign in"}
  Rendered devise/shared/_links.html.erb (0.4ms)
  Rendered devise/sessions/new.html.erb within layouts/application (68.4ms)
  Rendered layouts/_navbar.html.erb (0.8ms)
Completed 200 OK in 310ms (Views: 240.7ms | ActiveRecord: 0.0ms)


Started POST "/users/sign_in" for 127.0.0.1 at 2015-10-18 09:24:07 -0500
Processing by Devise::SessionsController#create as HTML
  Parameters: {"utf8"=>"✓", "authenticity_token"=>"OukxLBYb/IS6+GNtng0a0cfhUJFQ6ZLCAe3ch57V93EZ3fSV3D/8ElUO74oxm+qF/qhiypzELWJ0jp7doqpc/A==", "user"=>{"email"=>"admin@ticketee.com", "password"=>"[FILTERED]", "remember_me"=>"1"}, "commit"=>"Sign in"}
  [1m[36mUser Load (0.1ms)[0m  [1mSELECT  "users".* FROM "users" WHERE "users"."email" = ?  ORDER BY "users"."id" ASC LIMIT 1[0m  [["email", "admin@ticketee.com"]]
Completed 401 Unauthorized in 3ms (ActiveRecord: 0.1ms)
Processing by Devise::SessionsController#new as HTML
  Parameters: {"utf8"=>"✓", "authenticity_token"=>"OukxLBYb/IS6+GNtng0a0cfhUJFQ6ZLCAe3ch57V93EZ3fSV3D/8ElUO74oxm+qF/qhiypzELWJ0jp7doqpc/A==", "user"=>{"email"=>"admin@ticketee.com", "password"=>"[FILTERED]", "remember_me"=>"1"}, "commit"=>"Sign in"}
  Rendered devise/shared/_links.html.erb (0.3ms)
  Rendered devise/sessions/new.html.erb within layouts/application (66.8ms)
  Rendered layouts/_navbar.html.erb (0.5ms)
Completed 200 OK in 438ms (Views: 368.8ms | ActiveRecord: 0.0ms)
  [1m[36mActiveRecord::SchemaMigration Load (0.1ms)[0m  [1mSELECT "schema_migrations".* FROM "schema_migrations"[0m
  [1m[35mUser Exists (0.2ms)[0m  SELECT  1 AS one FROM "users" WHERE "users"."email" = ? LIMIT 1  [["email", "admin@ticketee.com"]]
  [1m[36m (0.1ms)[0m  [1mbegin transaction[0m
  [1m[35mUser Exists (0.7ms)[0m  SELECT  1 AS one FROM "users" WHERE "users"."email" = 'admin@ticketee.com' LIMIT 1
  [1m[36mSQL (0.3ms)[0m  [1mINSERT INTO "users" ("email", "encrypted_password", "admin", "created_at", "updated_at") VALUES (?, ?, ?, ?, ?)[0m  [["email", "admin@ticketee.com"], ["encrypted_password", "$2a$10$wzi4wJ2s/x8xKDItHvTzO.6hjQpBsMIuX6fq1IbNJ9KXi8UWcC0l2"], ["admin", "t"], ["created_at", "2015-10-18 14:24:25.259689"], ["updated_at", "2015-10-18 14:24:25.259689"]]
  [1m[35m (3.2ms)[0m  commit transaction
  [1m[36mUser Exists (0.1ms)[0m  [1mSELECT  1 AS one FROM "users" WHERE "users"."email" = ? LIMIT 1[0m  [["email", "viewer@ticketee.com"]]
  [1m[35m (0.1ms)[0m  begin transaction
  [1m[36mUser Exists (0.2ms)[0m  [1mSELECT  1 AS one FROM "users" WHERE "users"."email" = 'viewer@ticketee.com' LIMIT 1[0m
  [1m[35mSQL (0.2ms)[0m  INSERT INTO "users" ("email", "encrypted_password", "created_at", "updated_at") VALUES (?, ?, ?, ?)  [["email", "viewer@ticketee.com"], ["encrypted_password", "$2a$10$1GEB8Xg9fh0SXL3oqUDsKefLe9DIuowyX36KKWUVQ8Q0QmLuZpMZm"], ["created_at", "2015-10-18 14:24:25.333483"], ["updated_at", "2015-10-18 14:24:25.333483"]]
  [1m[36m (3.7ms)[0m  [1mcommit transaction[0m
  [1m[35mProject Exists (0.1ms)[0m  SELECT  1 AS one FROM "projects" WHERE "projects"."name" = ? LIMIT 1  [["name", "Sublime Text 3"]]
  [1m[36m (0.1ms)[0m  [1mbegin transaction[0m
  [1m[35mSQL (0.2ms)[0m  INSERT INTO "projects" ("name", "description", "created_at", "updated_at") VALUES (?, ?, ?, ?)  [["name", "Sublime Text 3"], ["description", "A sample project about Sublime Text 3"], ["created_at", "2015-10-18 14:24:25.353678"], ["updated_at", "2015-10-18 14:24:25.353678"]]
  [1m[36m (3.2ms)[0m  [1mcommit transaction[0m
  [1m[35mProject Exists (0.1ms)[0m  SELECT  1 AS one FROM "projects" WHERE "projects"."name" = ? LIMIT 1  [["name", "Internet Explorer"]]
  [1m[36m (0.1ms)[0m  [1mbegin transaction[0m
  [1m[35mSQL (0.1ms)[0m  INSERT INTO "projects" ("name", "description", "created_at", "updated_at") VALUES (?, ?, ?, ?)  [["name", "Internet Explorer"], ["description", "A sample project about Internet Explorer"], ["created_at", "2015-10-18 14:24:25.360417"], ["updated_at", "2015-10-18 14:24:25.360417"]]
  [1m[36m (2.3ms)[0m  [1mcommit transaction[0m


Started POST "/users/sign_in" for 127.0.0.1 at 2015-10-18 09:24:31 -0500
Processing by Devise::SessionsController#create as HTML
  Parameters: {"utf8"=>"✓", "authenticity_token"=>"mxEQ9dKd+z6BFrYYn/RbTT0vrUEC/EKvQDpOP/4zs+C4JdVMGLn7qG7gOv8wYqsZBGafGs7R/Q81WQxlwkwYbQ==", "user"=>{"email"=>"admin@ticketee.com", "password"=>"[FILTERED]", "remember_me"=>"1"}, "commit"=>"Sign in"}
  [1m[35mUser Load (0.1ms)[0m  SELECT  "users".* FROM "users" WHERE "users"."email" = ?  ORDER BY "users"."id" ASC LIMIT 1  [["email", "admin@ticketee.com"]]
  [1m[36m (0.1ms)[0m  [1mbegin transaction[0m
  [1m[35mSQL (0.3ms)[0m  UPDATE "users" SET "remember_created_at" = ?, "updated_at" = ? WHERE "users"."id" = ?  [["remember_created_at", "2015-10-18 14:24:31.567966"], ["updated_at", "2015-10-18 14:24:31.568691"], ["id", 1]]
  [1m[36m (3.2ms)[0m  [1mcommit transaction[0m
  [1m[35m (0.1ms)[0m  begin transaction
  [1m[36mSQL (0.2ms)[0m  [1mUPDATE "users" SET "last_sign_in_at" = ?, "current_sign_in_at" = ?, "last_sign_in_ip" = ?, "current_sign_in_ip" = ?, "sign_in_count" = ?, "updated_at" = ? WHERE "users"."id" = ?[0m  [["last_sign_in_at", "2015-10-18 14:24:31.575680"], ["current_sign_in_at", "2015-10-18 14:24:31.575680"], ["last_sign_in_ip", "127.0.0.1"], ["current_sign_in_ip", "127.0.0.1"], ["sign_in_count", 1], ["updated_at", "2015-10-18 14:24:31.576356"], ["id", 1]]
  [1m[35m (2.5ms)[0m  commit transaction
Redirected to http://localhost:3000/
Completed 302 Found in 88ms (ActiveRecord: 6.5ms)


Started GET "/" for 127.0.0.1 at 2015-10-18 09:24:31 -0500
Processing by ProjectsController#index as HTML
  [1m[36mUser Load (0.2ms)[0m  [1mSELECT  "users".* FROM "users" WHERE "users"."id" = ?  ORDER BY "users"."id" ASC LIMIT 1[0m  [["id", 1]]
  [1m[35mProject Load (0.1ms)[0m  SELECT "projects".* FROM "projects"
  Rendered projects/index.html.erb within layouts/application (3.8ms)
  Rendered layouts/_navbar.html.erb (0.5ms)
Completed 200 OK in 127ms (Views: 125.0ms | ActiveRecord: 0.5ms)


Started GET "/assets/fontawesome-webfont-3c4a1bb7ce3234407184f0d80cc4dec075e4ad616b44dcc5778e1cfb1bc24019.woff2?v=4.4.0" for 127.0.0.1 at 2015-10-18 09:24:31 -0500


Started GET "/" for 127.0.0.1 at 2015-10-18 09:24:40 -0500
Processing by ProjectsController#index as HTML
  [1m[36mUser Load (0.1ms)[0m  [1mSELECT  "users".* FROM "users" WHERE "users"."id" = ?  ORDER BY "users"."id" ASC LIMIT 1[0m  [["id", 1]]
  [1m[35mProject Load (0.1ms)[0m  SELECT "projects".* FROM "projects"
  Rendered projects/index.html.erb within layouts/application (1.2ms)
  Rendered layouts/_navbar.html.erb (1.0ms)
Completed 200 OK in 114ms (Views: 112.2ms | ActiveRecord: 0.2ms)


Started GET "/admin" for 127.0.0.1 at 2015-10-18 09:24:42 -0500
Processing by Admin::ApplicationController#index as HTML
  [1m[36mUser Load (0.1ms)[0m  [1mSELECT  "users".* FROM "users" WHERE "users"."id" = ?  ORDER BY "users"."id" ASC LIMIT 1[0m  [["id", 1]]
  Rendered admin/application/index.html.erb within layouts/application (0.5ms)
  Rendered layouts/_navbar.html.erb (0.4ms)
Completed 200 OK in 118ms (Views: 114.1ms | ActiveRecord: 0.1ms)


Started GET "/" for 127.0.0.1 at 2015-10-18 09:24:53 -0500
Processing by ProjectsController#index as HTML
  [1m[35mUser Load (0.1ms)[0m  SELECT  "users".* FROM "users" WHERE "users"."id" = ?  ORDER BY "users"."id" ASC LIMIT 1  [["id", 1]]
  [1m[36mProject Load (0.1ms)[0m  [1mSELECT "projects".* FROM "projects"[0m
  Rendered projects/index.html.erb within layouts/application (0.8ms)
  Rendered layouts/_navbar.html.erb (0.4ms)
Completed 200 OK in 112ms (Views: 110.3ms | ActiveRecord: 0.2ms)


Started GET "/admin/projects/new" for 127.0.0.1 at 2015-10-18 09:24:54 -0500
Processing by Admin::ProjectsController#new as HTML
  [1m[35mUser Load (0.1ms)[0m  SELECT  "users".* FROM "users" WHERE "users"."id" = ?  ORDER BY "users"."id" ASC LIMIT 1  [["id", 1]]
  Rendered admin/projects/_form.html.erb (42.8ms)
  Rendered admin/projects/new.html.erb within layouts/application (44.0ms)
  Rendered layouts/_navbar.html.erb (0.5ms)
Completed 200 OK in 174ms (Views: 172.5ms | ActiveRecord: 0.1ms)
  [1m[36mActiveRecord::SchemaMigration Load (0.1ms)[0m  [1mSELECT "schema_migrations".* FROM "schema_migrations"[0m
Migrating to AddAttachmentToTickets (20151018175414)
  [1m[35m (0.1ms)[0m  begin transaction
  [1m[36m (0.4ms)[0m  [1mALTER TABLE "tickets" ADD "attachment" varchar[0m
  [1m[35mSQL (0.3ms)[0m  INSERT INTO "schema_migrations" ("version") VALUES (?)  [["version", "20151018175414"]]
  [1m[36m (2.8ms)[0m  [1mcommit transaction[0m
  [1m[35mActiveRecord::SchemaMigration Load (0.1ms)[0m  SELECT "schema_migrations".* FROM "schema_migrations"
  [1m[36m (0.1ms)[0m  [1m            SELECT sql
            FROM sqlite_master
            WHERE name='index_roles_on_project_id' AND type='index'
            UNION ALL
            SELECT sql
            FROM sqlite_temp_master
            WHERE name='index_roles_on_project_id' AND type='index'
[0m
  [1m[35m (0.1ms)[0m              SELECT sql
            FROM sqlite_master
            WHERE name='index_roles_on_user_id' AND type='index'
            UNION ALL
            SELECT sql
            FROM sqlite_temp_master
            WHERE name='index_roles_on_user_id' AND type='index'

  [1m[36m (0.1ms)[0m  [1m            SELECT sql
            FROM sqlite_master
            WHERE name='index_tickets_on_author_id' AND type='index'
            UNION ALL
            SELECT sql
            FROM sqlite_temp_master
            WHERE name='index_tickets_on_author_id' AND type='index'
[0m
  [1m[35m (0.1ms)[0m              SELECT sql
            FROM sqlite_master
            WHERE name='index_tickets_on_project_id' AND type='index'
            UNION ALL
            SELECT sql
            FROM sqlite_temp_master
            WHERE name='index_tickets_on_project_id' AND type='index'

  [1m[36m (0.1ms)[0m  [1m            SELECT sql
            FROM sqlite_master
            WHERE name='index_users_on_reset_password_token' AND type='index'
            UNION ALL
            SELECT sql
            FROM sqlite_temp_master
            WHERE name='index_users_on_reset_password_token' AND type='index'
[0m
  [1m[35m (0.2ms)[0m              SELECT sql
            FROM sqlite_master
            WHERE name='index_users_on_email' AND type='index'
            UNION ALL
            SELECT sql
            FROM sqlite_temp_master
            WHERE name='index_users_on_email' AND type='index'

